<?xml version="1.0" encoding="UTF-8"?>
<testng-results skipped="0" failed="1" total="1" passed="0">
  <reporter-output>
  </reporter-output>
  <suite name="Tests" duration-ms="17683" started-at="2014-05-21T11:32:19Z" finished-at="2014-05-21T11:32:37Z">
    <groups>
    </groups>
    <test name="Test1" duration-ms="17683" started-at="2014-05-21T11:32:19Z" finished-at="2014-05-21T11:32:37Z">
      <class name="actis.test.selenium.Calctravelshort">
        <test-method status="PASS" signature="init()[pri:0, instance:actis.test.selenium.Calctravelshort@59a6e353]" name="init" is-config="true" duration-ms="4087" started-at="2014-05-21T15:32:19Z" finished-at="2014-05-21T15:32:23Z">
          <reporter-output>
          </reporter-output>
        </test-method> <!-- init -->
        <test-method status="FAIL" signature="testCalctravelshort()[pri:0, instance:actis.test.selenium.Calctravelshort@59a6e353]" name="testCalctravelshort" duration-ms="13596" started-at="2014-05-21T15:32:23Z" finished-at="2014-05-21T15:32:37Z">
          <exception class="java.lang.AssertionError">
            <message>
              <![CDATA[
1. org.junit.ComparisonFailure: expected:<44[6,42]2> but was:<44[3,4]2>
2. org.junit.ComparisonFailure: expected:<443,42[2]> but was:<443,42[]>]]>
            </message>
            <full-stacktrace>
              <![CDATA[java.lang.AssertionError: 
1. org.junit.ComparisonFailure: expected:<44[6,42]2> but was:<44[3,4]2>
2. org.junit.ComparisonFailure: expected:<443,42[2]> but was:<443,42[]>
	at org.junit.Assert.fail(Assert.java:88)
	at actis.test.selenium.Calctravelshort.testCalctravelshort(Calctravelshort.java:113)
	at sun.reflect.NativeMethodAccessorImpl.invoke0(Native Method)
	at sun.reflect.NativeMethodAccessorImpl.invoke(NativeMethodAccessorImpl.java:62)
	at sun.reflect.DelegatingMethodAccessorImpl.invoke(DelegatingMethodAccessorImpl.java:43)
	at java.lang.reflect.Method.invoke(Method.java:483)
	at org.testng.internal.MethodInvocationHelper.invokeMethod(MethodInvocationHelper.java:84)
	at org.testng.internal.Invoker.invokeMethod(Invoker.java:714)
	at org.testng.internal.Invoker.invokeTestMethod(Invoker.java:901)
	at org.testng.internal.Invoker.invokeTestMethods(Invoker.java:1231)
	at org.testng.internal.TestMethodWorker.invokeTestMethods(TestMethodWorker.java:127)
	at org.testng.internal.TestMethodWorker.run(TestMethodWorker.java:111)
	at org.testng.TestRunner.privateRun(TestRunner.java:767)
	at org.testng.TestRunner.run(TestRunner.java:617)
	at org.testng.SuiteRunner.runTest(SuiteRunner.java:348)
	at org.testng.SuiteRunner.runSequentially(SuiteRunner.java:343)
	at org.testng.SuiteRunner.privateRun(SuiteRunner.java:305)
	at org.testng.SuiteRunner.run(SuiteRunner.java:254)
	at org.testng.SuiteRunnerWorker.runSuite(SuiteRunnerWorker.java:52)
	at org.testng.SuiteRunnerWorker.run(SuiteRunnerWorker.java:86)
	at org.testng.TestNG.runSuitesSequentially(TestNG.java:1224)
	at org.testng.TestNG.runSuitesLocally(TestNG.java:1149)
	at org.testng.TestNG.run(TestNG.java:1057)
	at org.apache.maven.surefire.testng.TestNGExecutor.run(TestNGExecutor.java:217)
	at org.apache.maven.surefire.testng.TestNGXmlTestSuite.execute(TestNGXmlTestSuite.java:84)
	at org.apache.maven.surefire.testng.TestNGProvider.invoke(TestNGProvider.java:92)
	at org.apache.maven.surefire.booter.ForkedBooter.invokeProviderInSameClassLoader(ForkedBooter.java:200)
	at org.apache.maven.surefire.booter.ForkedBooter.runSuitesInProcess(ForkedBooter.java:153)
	at org.apache.maven.surefire.booter.ForkedBooter.main(ForkedBooter.java:103)
]]>
            </full-stacktrace>
          </exception> <!-- java.lang.AssertionError -->
          <reporter-output>
          </reporter-output>
        </test-method> <!-- testCalctravelshort -->
        <test-method status="PASS" signature="tearDown()[pri:0, instance:actis.test.selenium.Calctravelshort@59a6e353]" name="tearDown" is-config="true" duration-ms="141" started-at="2014-05-21T15:32:37Z" finished-at="2014-05-21T15:32:37Z">
          <reporter-output>
          </reporter-output>
        </test-method> <!-- tearDown -->
      </class> <!-- actis.test.selenium.Calctravelshort -->
    </test> <!-- Test1 -->
  </suite> <!-- Tests -->
</testng-results>
