<?xml version="1.0" encoding="UTF-8"?>
<!-- Generated by org.testng.reporters.JUnitXMLReporter -->
<testsuite hostname="MOS8ADLS4A37196" name="Test1" tests="1" failures="1" timestamp="21 May 2014 11:32:37 GMT" time="17.683" errors="0">
  <testcase name="testCalctravelshort" time="13.596" classname="actis.test.selenium.Calctravelshort">
    <failure type="java.lang.AssertionError" message="
1. org.junit.ComparisonFailure: expected:&amp;lt;44[6,42]2&amp;gt; but was:&amp;lt;44[3,4]2&amp;gt;
2. org.junit.ComparisonFailure: expected:&amp;lt;443,42[2]&amp;gt; but was:&amp;lt;443,42[]&amp;gt;">
      <![CDATA[java.lang.AssertionError: 
1. org.junit.ComparisonFailure: expected:<44[6,42]2> but was:<44[3,4]2>
2. org.junit.ComparisonFailure: expected:<443,42[2]> but was:<443,42[]>
	at org.junit.Assert.fail(Assert.java:88)
	at actis.test.selenium.Calctravelshort.testCalctravelshort(Calctravelshort.java:113)
... Removed 27 stack frames]]>
    </failure>
  </testcase> <!-- testCalctravelshort -->
</testsuite> <!-- Test1 -->
